#
# A fatal error has been detected by the Java Runtime Environment:
#
#  EXCEPTION_ACCESS_VIOLATION (0xc0000005) at pc=0x52885ad9, pid=8808, tid=1404
#
# JRE version: 7.0_25-b16
# Java VM: Java HotSpot(TM) Client VM (23.25-b01 mixed mode, sharing windows-x86 )
# Problematic frame:
# V  [jvm.dll+0xa5ad9]
#
# Failed to write core dump. Minidumps are not enabled by default on client versions of Windows
#
# If you would like to submit a bug report, please visit:
#   http://bugreport.sun.com/bugreport/crash.jsp
#

---------------  T H R E A D  ---------------

Current thread (0x04193400):  JavaThread "Thread-0" daemon [_thread_in_vm, id=1404, stack(0x044c0000,0x04510000)]

siginfo: ExceptionCode=0xc0000005, reading address 0x00000000

Registers:
EAX=0x00000000, EBX=0x01c84301, ECX=0x00000000, EDX=0x00000000
ESP=0x0450f14c, EBP=0x0450f158, ESI=0x04193400, EDI=0x01c84380
EIP=0x52885ad9, EFLAGS=0x00010202

Top of Stack: (sp=0x0450f14c)
0x0450f14c:   0450f1e0 00000000 01c84380 0450f3c8
0x0450f15c:   03dc42a8 04193528 01c84380 00000000
0x0450f16c:   0450f180 0450f1a0 00000000 00000020
0x0450f17c:   03dc4220 527e3d83 04193400 1aad72ee
0x0450f18c:   00000000 0450f1c4 527e3d83 00000020
0x0450f19c:   03dc420c 00000001 04193400 0450f400
0x0450f1ac:   0450f19c 0450f1c0 0450f85c 1aad729a
0x0450f1bc:   03dc41ee fffffffe 0450f1d8 52885dad 

Instructions: (pc=0x52885ad9)
0x52885ab9:   8e 09 00 33 f6 eb 02 8b f1 6a 06 56 e8 46 e3 f5
0x52885ac9:   ff 8b 7d 0c 83 c4 08 b3 01 85 ff 74 3d 8b 45 10
0x52885ad9:   8b 00 50 32 db e8 3d 8f f7 ff 83 c4 04 85 c0 74
0x52885ae9:   29 8b 0f 8b 49 04 8b 50 10 83 c1 08 39 44 0a f8 


Register to memory mapping:

EAX=0x00000000 is an unknown value
EBX=0x01c84301 is an unknown value
ECX=0x00000000 is an unknown value
EDX=0x00000000 is an unknown value
ESP=0x0450f14c is pointing into the stack for thread: 0x04193400
EBP=0x0450f158 is pointing into the stack for thread: 0x04193400
ESI=0x04193400 is a thread
EDI=0x01c84380 is an unknown value


Stack: [0x044c0000,0x04510000],  sp=0x0450f14c,  free space=316k
Native frames: (J=compiled Java code, j=interpreted, Vv=VM code, C=native code)
V  [jvm.dll+0xa5ad9]
C  0x03dc42a8
C  0x03dc4d2e
J  com.sun.jna.Function.invokeInt(I[Ljava/lang/Object;)I
J  com.sun.jna.Function.invoke([Ljava/lang/Object;Ljava/lang/Class;Z)Ljava/lang/Object;
v  ~StubRoutines::call_stub
V  [jvm.dll+0x124afa]
V  [jvm.dll+0x1d224e]
V  [jvm.dll+0x124caf]
V  [jvm.dll+0x124d17]
V  [jvm.dll+0xcf06f]
V  [jvm.dll+0x144447]
V  [jvm.dll+0x1445b0]
V  [jvm.dll+0x177bb9]
C  [msvcr100.dll+0x5c6de]  endthreadex+0x3a
C  [msvcr100.dll+0x5c788]  endthreadex+0xe4
C  [kernel32.dll+0x4ed6c]  BaseThreadInitThunk+0x12
C  [ntdll.dll+0x6377b]  RtlInitializeExceptionChain+0xef
C  [ntdll.dll+0x6374e]  RtlInitializeExceptionChain+0xc2

Java frames: (J=compiled Java code, j=interpreted, Vv=VM code)
J  com.sun.jna.Function.invokeInt(I[Ljava/lang/Object;)I
J  com.sun.jna.Function.invoke([Ljava/lang/Object;Ljava/lang/Class;Z)Ljava/lang/Object;
J  com.sun.jna.Function.invoke(Ljava/lang/Class;[Ljava/lang/Object;Ljava/util/Map;)Ljava/lang/Object;
J  com.sun.jna.Library$Handler.invoke(Ljava/lang/Object;Ljava/lang/reflect/Method;[Ljava/lang/Object;)Ljava/lang/Object;
J  com.sun.proxy.$Proxy0.EE_EngineGetNextEvent(Lcom/sun/jna/Pointer;)I
j  com.lw.eeg.EEGLog.EEGLog$Thread_EEG.run()V+289
v  ~StubRoutines::call_stub

---------------  P R O C E S S  ---------------

Java Threads: ( => current thread )
  0x01d3b400 JavaThread "DestroyJavaVM" [_thread_blocked, id=10000, stack(0x01320000,0x01370000)]
=>0x04193400 JavaThread "Thread-0" daemon [_thread_in_vm, id=1404, stack(0x044c0000,0x04510000)]
  0x01c8fc00 JavaThread "Service Thread" daemon [_thread_blocked, id=8308, stack(0x040b0000,0x04100000)]
  0x01c8e000 JavaThread "C1 CompilerThread0" daemon [_thread_blocked, id=10124, stack(0x04010000,0x04060000)]
  0x01c89800 JavaThread "Attach Listener" daemon [_thread_blocked, id=9084, stack(0x04110000,0x04160000)]
  0x01caf800 JavaThread "Signal Dispatcher" daemon [_thread_blocked, id=8276, stack(0x03f60000,0x03fb0000)]
  0x01c67400 JavaThread "Finalizer" daemon [_thread_blocked, id=8644, stack(0x03d70000,0x03dc0000)]
  0x01c62400 JavaThread "Reference Handler" daemon [_thread_blocked, id=7916, stack(0x03e70000,0x03ec0000)]

Other Threads:
  0x01c61000 VMThread [stack: 0x03ed0000,0x03f20000] [id=9392]
  0x01c91c00 WatcherThread [stack: 0x043d0000,0x04420000] [id=9496]

VM state:not at safepoint (normal execution)

VM Mutex/Monitor currently owned by a thread: None

Heap
 def new generation   total 4928K, used 2926K [0x23cf0000, 0x24240000, 0x29240000)
  eden space 4416K,  60% used [0x23cf0000, 0x23f8a4e8, 0x24140000)
  from space 512K,  51% used [0x24140000, 0x24181708, 0x241c0000)
  to   space 512K,   0% used [0x241c0000, 0x241c0000, 0x24240000)
 tenured generation   total 10944K, used 1859K [0x29240000, 0x29cf0000, 0x33cf0000)
   the space 10944K,  16% used [0x29240000, 0x29410df0, 0x29410e00, 0x29cf0000)
 compacting perm gen  total 12288K, used 808K [0x33cf0000, 0x348f0000, 0x37cf0000)
   the space 12288K,   6% used [0x33cf0000, 0x33dba228, 0x33dba400, 0x348f0000)
    ro space 10240K,  45% used [0x37cf0000, 0x38179b28, 0x38179c00, 0x386f0000)
    rw space 12288K,  54% used [0x386f0000, 0x38d7d0e8, 0x38d7d200, 0x392f0000)

Card table byte_map: [0x00520000,0x005d0000] byte_map_base: 0x00401880

Polling page: 0x00120000

Code Cache  [0x01d40000, 0x01e48000, 0x03d40000)
 total_blobs=342 nmethods=184 adapters=93 free_code_cache=31740Kb largest_free_block=32502208

Compilation events (10 events):
Event: 0.287 Thread 0x01c8e000  178   !         com.sun.jna.Native::isSupportedNativeType (46 bytes)
Event: 0.288 Thread 0x01c8e000 nmethod 178 0x01e2d588 code [0x01e2d6f0, 0x01e2d944]
Event: 0.288 Thread 0x01c8e000  179             com.sun.jna.Native::getNativeSize (567 bytes)
Event: 0.292 Thread 0x01c8e000 nmethod 179 0x01e2dc48 code [0x01e2e390, 0x01e305a8]
Event: 0.292 Thread 0x01c8e000  180   !         com.sun.proxy.$Proxy0::EE_EngineGetNextEvent (39 bytes)
Event: 0.292 Thread 0x01c8e000 nmethod 180 0x01e33188 code [0x01e332b0, 0x01e33578]
Event: 0.305 Thread 0x01c8e000    3 %           com.lw.eeg.data.Data::getTotolData @ 12 (87 bytes)
Event: 0.306 Thread 0x01c8e000 nmethod 3% 0x01e33848 code [0x01e339f0, 0x01e33f6c]
Event: 0.342 Thread 0x01c8e000    4 %           com.lw.eeg.EEGLog.EEGLog$Thread_EEG::run @ 285 (750 bytes)
Event: 0.350 Thread 0x01c8e000 nmethod 4% 0x01e34648 code [0x01e34f30, 0x01e38f40]

GC Heap History (4 events):
Event: 0.167 GC heap before
{Heap before GC invocations=0 (full 0):
 def new generation   total 4928K, used 4416K [0x23cf0000, 0x24240000, 0x29240000)
  eden space 4416K, 100% used [0x23cf0000, 0x24140000, 0x24140000)
  from space 512K,   0% used [0x24140000, 0x24140000, 0x241c0000)
  to   space 512K,   0% used [0x241c0000, 0x241c0000, 0x24240000)
 tenured generation   total 10944K, used 0K [0x29240000, 0x29cf0000, 0x33cf0000)
   the space 10944K,   0% used [0x29240000, 0x29240000, 0x29240200, 0x29cf0000)
 compacting perm gen  total 12288K, used 551K [0x33cf0000, 0x348f0000, 0x37cf0000)
   the space 12288K,   4% used [0x33cf0000, 0x33d79fe0, 0x33d7a000, 0x348f0000)
    ro space 10240K,  45% used [0x37cf0000, 0x38179b28, 0x38179c00, 0x386f0000)
    rw space 12288K,  54% used [0x386f0000, 0x38d7d0e8, 0x38d7d200, 0x392f0000)
Event: 0.172 GC heap after
Heap after GC invocations=1 (full 0):
 def new generation   total 4928K, used 512K [0x23cf0000, 0x24240000, 0x29240000)
  eden space 4416K,   0% used [0x23cf0000, 0x23cf0000, 0x24140000)
  from space 512K, 100% used [0x241c0000, 0x24240000, 0x24240000)
  to   space 512K,   0% used [0x24140000, 0x24140000, 0x241c0000)
 tenured generation   total 10944K, used 1347K [0x29240000, 0x29cf0000, 0x33cf0000)
   the space 10944K,  12% used [0x29240000, 0x29390fc8, 0x29391000, 0x29cf0000)
 compacting perm gen  total 12288K, used 551K [0x33cf0000, 0x348f0000, 0x37cf0000)
   the space 12288K,   4% used [0x33cf0000, 0x33d79fe0, 0x33d7a000, 0x348f0000)
    ro space 10240K,  45% used [0x37cf0000, 0x38179b28, 0x38179c00, 0x386f0000)
    rw space 12288K,  54% used [0x386f0000, 0x38d7d0e8, 0x38d7d200, 0x392f0000)
}
Event: 0.295 GC heap before
{Heap before GC invocations=1 (full 0):
 def new generation   total 4928K, used 4928K [0x23cf0000, 0x24240000, 0x29240000)
  eden space 4416K, 100% used [0x23cf0000, 0x24140000, 0x24140000)
  from space 512K, 100% used [0x241c0000, 0x24240000, 0x24240000)
  to   space 512K,   0% used [0x24140000, 0x24140000, 0x241c0000)
 tenured generation   total 10944K, used 1347K [0x29240000, 0x29cf0000, 0x33cf0000)
   the space 10944K,  12% used [0x29240000, 0x29390fc8, 0x29391000, 0x29cf0000)
 compacting perm gen  total 12288K, used 806K [0x33cf0000, 0x348f0000, 0x37cf0000)
   the space 12288K,   6% used [0x33cf0000, 0x33db98e8, 0x33db9a00, 0x348f0000)
    ro space 10240K,  45% used [0x37cf0000, 0x38179b28, 0x38179c00, 0x386f0000)
    rw space 12288K,  54% used [0x386f0000, 0x38d7d0e8, 0x38d7d200, 0x392f0000)
Event: 0.298 GC heap after
Heap after GC invocations=2 (full 0):
 def new generation   total 4928K, used 261K [0x23cf0000, 0x24240000, 0x29240000)
  eden space 4416K,   0% used [0x23cf0000, 0x23cf0000, 0x24140000)
  from space 512K,  51% used [0x24140000, 0x24181708, 0x241c0000)
  to   space 512K,   0% used [0x241c0000, 0x241c0000, 0x24240000)
 tenured generation   total 10944K, used 1859K [0x29240000, 0x29cf0000, 0x33cf0000)
   the space 10944K,  16% used [0x29240000, 0x29410df0, 0x29410e00, 0x29cf0000)
 compacting perm gen  total 12288K, used 806K [0x33cf0000, 0x348f0000, 0x37cf0000)
   the space 12288K,   6% used [0x33cf0000, 0x33db98e8, 0x33db9a00, 0x348f0000)
    ro space 10240K,  45% used [0x37cf0000, 0x38179b28, 0x38179c00, 0x386f0000)
    rw space 12288K,  54% used [0x386f0000, 0x38d7d0e8, 0x38d7d200, 0x392f0000)
}

Deoptimization events (0 events):
No events

Internal exceptions (10 events):
Event: 0.221 Thread 0x04193400 Threw 0x23f53880 at C:\jdk7u2_32P\jdk7u25\hotspot\src\share\vm\prims\jvm.cpp:1235
Event: 0.222 Thread 0x04193400 Threw 0x23f55c78 at C:\jdk7u2_32P\jdk7u25\hotspot\src\share\vm\prims\jvm.cpp:1235
Event: 0.222 Thread 0x04193400 Threw 0x23f58518 at C:\jdk7u2_32P\jdk7u25\hotspot\src\share\vm\prims\jvm.cpp:1235
Event: 0.222 Thread 0x04193400 Threw 0x23f5af28 at C:\jdk7u2_32P\jdk7u25\hotspot\src\share\vm\prims\jvm.cpp:1235
Event: 0.223 Thread 0x04193400 Threw 0x23f5d850 at C:\jdk7u2_32P\jdk7u25\hotspot\src\share\vm\prims\jvm.cpp:1235
Event: 0.225 Thread 0x04193400 Threw 0x23f62100 at C:\jdk7u2_32P\jdk7u25\hotspot\src\share\vm\prims\jvm.cpp:1235
Event: 0.238 Thread 0x04193400 Threw 0x23fd98c8 at C:\jdk7u2_32P\jdk7u25\hotspot\src\share\vm\prims\jvm.cpp:1235
Event: 0.240 Thread 0x04193400 Threw 0x23fdd678 at C:\jdk7u2_32P\jdk7u25\hotspot\src\share\vm\prims\jvm.cpp:1235
Event: 0.240 Thread 0x04193400 Threw 0x23fdfcd0 at C:\jdk7u2_32P\jdk7u25\hotspot\src\share\vm\prims\jvm.cpp:1235
Event: 0.260 Thread 0x04193400 Threw 0x240416b0 at C:\jdk7u2_32P\jdk7u25\hotspot\src\share\vm\prims\jvm.cpp:1235

Events (10 events):
Event: 0.240 loading class 0x01caf270 done
Event: 0.260 loading class 0x041b9108
Event: 0.260 loading class 0x041b9108 done
Event: 0.295 Executing VM operation: GenCollectForAllocation
Event: 0.298 Executing VM operation: GenCollectForAllocation done
Event: 0.353 Thread 0x01d3b400 Thread exited: 0x01d3b400
Event: 0.353 Thread 0x01d3b400 Thread added: 0x01d3b400
Event: 0.353 Thread 0x0429d000 Thread added: 0x0429d000
Event: 0.354 loading class 0x39312800
Event: 0.354 loading class 0x39312800 done


Dynamic libraries:
0x013b0000 - 0x013df000 	C:\Program Files\Java\jdk1.7.0_25\bin\javaw.exe
0x778e0000 - 0x77a1c000 	C:\Windows\SYSTEM32\ntdll.dll
0x76c30000 - 0x76d04000 	C:\Windows\system32\kernel32.dll
0x75ac0000 - 0x75b0b000 	C:\Windows\system32\KERNELBASE.dll
0x77a70000 - 0x77b10000 	C:\Windows\system32\ADVAPI32.dll
0x77630000 - 0x776dc000 	C:\Windows\system32\msvcrt.dll
0x769a0000 - 0x769b9000 	C:\Windows\SYSTEM32\sechost.dll
0x76b80000 - 0x76c21000 	C:\Windows\system32\RPCRT4.dll
0x76ee0000 - 0x76fa9000 	C:\Windows\system32\USER32.dll
0x76d70000 - 0x76dbe000 	C:\Windows\system32\GDI32.dll
0x77a40000 - 0x77a4a000 	C:\Windows\system32\LPK.dll
0x76fb0000 - 0x7704d000 	C:\Windows\system32\USP10.dll
0x74c90000 - 0x74e2e000 	C:\Windows\WinSxS\x86_microsoft.windows.common-controls_6595b64144ccf1df_6.0.7601.17514_none_41e6975e2bd6f2b2\COMCTL32.dll
0x76dc0000 - 0x76e17000 	C:\Windows\system32\SHLWAPI.dll
0x76d50000 - 0x76d6f000 	C:\Windows\system32\IMM32.DLL
0x771f0000 - 0x772bc000 	C:\Windows\system32\MSCTF.dll
0x57c30000 - 0x57cee000 	C:\Program Files\Java\jdk1.7.0_25\jre\bin\msvcr100.dll
0x527e0000 - 0x52b22000 	C:\Program Files\Java\jdk1.7.0_25\jre\bin\client\jvm.dll
0x74520000 - 0x74527000 	C:\Windows\system32\WSOCK32.dll
0x76d10000 - 0x76d45000 	C:\Windows\system32\WS2_32.dll
0x77a50000 - 0x77a56000 	C:\Windows\system32\NSI.dll
0x73b50000 - 0x73b82000 	C:\Windows\system32\WINMM.dll
0x77a30000 - 0x77a35000 	C:\Windows\system32\PSAPI.DLL
0x70660000 - 0x7066c000 	C:\Program Files\Java\jdk1.7.0_25\jre\bin\verify.dll
0x6e110000 - 0x6e130000 	C:\Program Files\Java\jdk1.7.0_25\jre\bin\java.dll
0x6de10000 - 0x6de23000 	C:\Program Files\Java\jdk1.7.0_25\jre\bin\zip.dll
0x753d0000 - 0x753e6000 	C:\Windows\system32\CRYPTSP.dll
0x75170000 - 0x751ab000 	C:\Windows\system32\rsaenh.dll
0x748a0000 - 0x748b7000 	C:\Windows\system32\USERENV.dll
0x75920000 - 0x7592b000 	C:\Windows\system32\profapi.dll
0x758a0000 - 0x758ac000 	C:\Windows\system32\CRYPTBASE.dll
0x6dd40000 - 0x6dd54000 	C:\Program Files\Java\jdk1.7.0_25\jre\bin\net.dll
0x75390000 - 0x753cc000 	C:\Windows\system32\mswsock.dll
0x75380000 - 0x75386000 	C:\Windows\System32\wship6.dll
0x73b10000 - 0x73b20000 	C:\Windows\system32\NLAapi.dll
0x728c0000 - 0x728d0000 	C:\Windows\system32\napinsp.dll
0x728a0000 - 0x728b2000 	C:\Windows\system32\pnrpnsp.dll
0x75250000 - 0x75294000 	C:\Windows\system32\DNSAPI.dll
0x72890000 - 0x72898000 	C:\Windows\System32\winrnr.dll
0x72880000 - 0x7288d000 	C:\Windows\system32\wshbth.dll
0x725c0000 - 0x725e7000 	C:\Program Files\Common Files\Microsoft Shared\Windows Live\WLIDNSP.DLL
0x72510000 - 0x72531000 	C:\Program Files\Bonjour\mdnsNSP.dll
0x74600000 - 0x7461c000 	C:\Windows\system32\Iphlpapi.DLL
0x745f0000 - 0x745f7000 	C:\Windows\system32\WINNSI.DLL
0x10000000 - 0x10017000 	C:\Program Files\Common Files\Thunder Network\NetMon\net_monitor2.0.2.9.dll
0x75cc0000 - 0x7690a000 	C:\Windows\system32\SHELL32.dll
0x773a0000 - 0x774fc000 	C:\Windows\system32\ole32.dll
0x7c3a0000 - 0x7c41b000 	C:\Windows\system32\MSVCP71.dll
0x7c340000 - 0x7c396000 	C:\Windows\system32\MSVCR71.dll
0x74a00000 - 0x74a09000 	C:\Windows\system32\VERSION.dll
0x744f0000 - 0x744f6000 	C:\Windows\System32\wshqos.dll
0x744e0000 - 0x744e5000 	C:\Windows\system32\wshtcpip.DLL
0x72480000 - 0x72486000 	C:\Windows\system32\rasadhlp.dll
0x72790000 - 0x727c8000 	C:\Windows\System32\fwpuclnt.dll
0x715f0000 - 0x715ff000 	C:\Program Files\Java\jdk1.7.0_25\jre\bin\nio.dll
0x538c0000 - 0x53adf000 	E:\workspace\android\MSCPROJECT\EEGAnalysis\edk.dll
0x56420000 - 0x56612000 	E:\workspace\android\MSCPROJECT\EEGAnalysis\edk_utils.dll
0x6fc80000 - 0x6fce9000 	C:\Windows\system32\MSVCP100.dll
0x77050000 - 0x771ed000 	C:\Windows\system32\SETUPAPI.dll
0x759a0000 - 0x759c7000 	C:\Windows\system32\CFGMGR32.dll
0x76910000 - 0x7699f000 	C:\Windows\system32\OLEAUT32.dll
0x75a90000 - 0x75aa2000 	C:\Windows\system32\DEVOBJ.dll
0x73ca0000 - 0x73ca9000 	C:\Windows\system32\HID.DLL
0x73de0000 - 0x73e20000 	C:\Windows\system32\uxtheme.dll
0x71270000 - 0x7130f000 	C:\ProgramData\Tencent\TSVulFw\TSVulFW.DAT
0x75b20000 - 0x75b4d000 	C:\Windows\system32\WINTRUST.dll
0x75b50000 - 0x75c6e000 	C:\Windows\system32\CRYPT32.dll
0x75990000 - 0x7599c000 	C:\Windows\system32\MSASN1.dll
0x738e0000 - 0x739cb000 	C:\Windows\system32\dbghelp.dll

VM Arguments:
jvm_args: -Dfile.encoding=GBK 
java_command: com.lw.eeg.Main.EEGAnalysis
Launcher Type: SUN_STANDARD

Environment Variables:
JAVA_HOME=C:\Program Files\Java\jdk1.7.0_25
CLASSPATH=.;C:\Program Files\Java\jdk1.7.0_25\lib
PATH=C:/Program Files/Java/jre7/bin/client;C:/Program Files/Java/jre7/bin;C:/Program Files/Java/jre7/lib/i386;C:\Windows\system32;C:\Windows\System32;C:\Program Files\Java\jdk1.7.0_25\bin;E:\dvlTools\adt-bundle-windows-x86-20130522\eclipse;
USERNAME=Leslie
OS=Windows_NT
PROCESSOR_IDENTIFIER=x86 Family 6 Model 58 Stepping 9, GenuineIntel



---------------  S Y S T E M  ---------------

OS: Windows 7 Build 7601 Service Pack 1

CPU:total 4 (2 cores per cpu, 2 threads per core) family 6 model 58 stepping 9, cmov, cx8, fxsr, mmx, sse, sse2, sse3, ssse3, sse4.1, sse4.2, popcnt, avx, ht, tsc, tscinvbit, tscinv

Memory: 4k page, physical 3412076k(1525524k free), swap 6822400k(4266580k free)

vm_info: Java HotSpot(TM) Client VM (23.25-b01) for windows-x86 JRE (1.7.0_25-b16), built on Jun 12 2013 20:29:09 by "java_re" with unknown MS VC++:1600

time: Thu Aug 08 22:10:53 2013
elapsed time: 0 seconds

