#
# A fatal error has been detected by the Java Runtime Environment:
#
#  EXCEPTION_ACCESS_VIOLATION (0xc0000005) at pc=0x53835ad9, pid=10196, tid=8960
#
# JRE version: 7.0_25-b16
# Java VM: Java HotSpot(TM) Client VM (23.25-b01 mixed mode, sharing windows-x86 )
# Problematic frame:
# V  [jvm.dll+0xa5ad9]
#
# Failed to write core dump. Minidumps are not enabled by default on client versions of Windows
#
# If you would like to submit a bug report, please visit:
#   http://bugreport.sun.com/bugreport/crash.jsp
#

---------------  T H R E A D  ---------------

Current thread (0x040a3400):  JavaThread "Thread-0" daemon [_thread_in_vm, id=8960, stack(0x03e80000,0x03ed0000)]

siginfo: ExceptionCode=0xc0000005, reading address 0x00000000

Registers:
EAX=0x00000000, EBX=0x012e4301, ECX=0x00000000, EDX=0x00000000
ESP=0x03eced3c, EBP=0x03eced48, ESI=0x040a3400, EDI=0x012e4380
EIP=0x53835ad9, EFLAGS=0x00010202

Top of Stack: (sp=0x03eced3c)
0x03eced3c:   03ecedd0 00000000 012e4380 03ecefb8
0x03eced4c:   03cd42a8 040a3528 012e4380 00000000
0x03eced5c:   03eced70 03eced90 00000000 00000020
0x03eced6c:   03cd4220 53793d83 040a3400 e77d1606
0x03eced7c:   00000000 03ecedb4 53793d83 00000020
0x03eced8c:   03cd420c 00000001 040a3400 03eceff0
0x03eced9c:   03eced8c 03ecedb0 03ecf44c e77d1612
0x03ecedac:   03cd41ee fffffffe 03ecedc8 53835dad 

Instructions: (pc=0x53835ad9)
0x53835ab9:   8e 09 00 33 f6 eb 02 8b f1 6a 06 56 e8 46 e3 f5
0x53835ac9:   ff 8b 7d 0c 83 c4 08 b3 01 85 ff 74 3d 8b 45 10
0x53835ad9:   8b 00 50 32 db e8 3d 8f f7 ff 83 c4 04 85 c0 74
0x53835ae9:   29 8b 0f 8b 49 04 8b 50 10 83 c1 08 39 44 0a f8 


Register to memory mapping:

EAX=0x00000000 is an unknown value
EBX=0x012e4301 is an unknown value
ECX=0x00000000 is an unknown value
EDX=0x00000000 is an unknown value
ESP=0x03eced3c is pointing into the stack for thread: 0x040a3400
EBP=0x03eced48 is pointing into the stack for thread: 0x040a3400
ESI=0x040a3400 is a thread
EDI=0x012e4380 is an unknown value


Stack: [0x03e80000,0x03ed0000],  sp=0x03eced3c,  free space=315k
Native frames: (J=compiled Java code, j=interpreted, Vv=VM code, C=native code)
V  [jvm.dll+0xa5ad9]
C  0x03cd42a8
C  0x03cd4d2e
J  com.sun.jna.Function.invokeInt(I[Ljava/lang/Object;)I
J  com.sun.jna.Function.invoke([Ljava/lang/Object;Ljava/lang/Class;Z)Ljava/lang/Object;
v  ~StubRoutines::call_stub
V  [jvm.dll+0x124afa]
V  [jvm.dll+0x1d224e]
V  [jvm.dll+0x124caf]
V  [jvm.dll+0x124d17]
V  [jvm.dll+0xcf06f]
V  [jvm.dll+0x144447]
V  [jvm.dll+0x1445b0]
V  [jvm.dll+0x177bb9]
C  [msvcr100.dll+0x5c6de]  endthreadex+0x3a
C  [msvcr100.dll+0x5c788]  endthreadex+0xe4
C  [kernel32.dll+0x4ed6c]  BaseThreadInitThunk+0x12
C  [ntdll.dll+0x6377b]  RtlInitializeExceptionChain+0xef
C  [ntdll.dll+0x6374e]  RtlInitializeExceptionChain+0xc2

Java frames: (J=compiled Java code, j=interpreted, Vv=VM code)
J  com.sun.jna.Function.invokeInt(I[Ljava/lang/Object;)I
J  com.sun.jna.Function.invoke([Ljava/lang/Object;Ljava/lang/Class;Z)Ljava/lang/Object;
J  com.sun.jna.Function.invoke(Ljava/lang/Class;[Ljava/lang/Object;Ljava/util/Map;)Ljava/lang/Object;
J  com.sun.jna.Library$Handler.invoke(Ljava/lang/Object;Ljava/lang/reflect/Method;[Ljava/lang/Object;)Ljava/lang/Object;
J  com.sun.proxy.$Proxy0.EE_EngineGetNextEvent(Lcom/sun/jna/Pointer;)I
j  com.lw.eeg.EEGLog.EEGLog$Thread_EEG.run()V+289
v  ~StubRoutines::call_stub

---------------  P R O C E S S  ---------------

Java Threads: ( => current thread )
  0x0109b400 JavaThread "DestroyJavaVM" [_thread_blocked, id=10168, stack(0x01b40000,0x01b90000)]
=>0x040a3400 JavaThread "Thread-0" daemon [_thread_in_vm, id=8960, stack(0x03e80000,0x03ed0000)]
  0x012ef400 JavaThread "Service Thread" daemon [_thread_blocked, id=8536, stack(0x03c50000,0x03ca0000)]
  0x012eac00 JavaThread "C1 CompilerThread0" daemon [_thread_blocked, id=10056, stack(0x03ef0000,0x03f40000)]
  0x012e9800 JavaThread "Attach Listener" daemon [_thread_blocked, id=8236, stack(0x04020000,0x04070000)]
  0x0130f800 JavaThread "Signal Dispatcher" daemon [_thread_blocked, id=9568, stack(0x03f80000,0x03fd0000)]
  0x012c3c00 JavaThread "Finalizer" daemon [_thread_blocked, id=8992, stack(0x03d50000,0x03da0000)]
  0x012c2400 JavaThread "Reference Handler" daemon [_thread_blocked, id=8904, stack(0x03db0000,0x03e00000)]

Other Threads:
  0x012c1000 VMThread [stack: 0x03e20000,0x03e70000] [id=3716]
  0x04088c00 WatcherThread [stack: 0x04370000,0x043c0000] [id=8592]

VM state:not at safepoint (normal execution)

VM Mutex/Monitor currently owned by a thread: None

Heap
 def new generation   total 4928K, used 1730K [0x23cf0000, 0x24240000, 0x29240000)
  eden space 4416K,  32% used [0x23cf0000, 0x23e52cb8, 0x24140000)
  from space 512K,  60% used [0x24140000, 0x2418de40, 0x241c0000)
  to   space 512K,   0% used [0x241c0000, 0x241c0000, 0x24240000)
 tenured generation   total 10944K, used 1809K [0x29240000, 0x29cf0000, 0x33cf0000)
   the space 10944K,  16% used [0x29240000, 0x29404748, 0x29404800, 0x29cf0000)
 compacting perm gen  total 12288K, used 808K [0x33cf0000, 0x348f0000, 0x37cf0000)
   the space 12288K,   6% used [0x33cf0000, 0x33dba248, 0x33dba400, 0x348f0000)
    ro space 10240K,  45% used [0x37cf0000, 0x38179b28, 0x38179c00, 0x386f0000)
    rw space 12288K,  54% used [0x386f0000, 0x38d7d0e8, 0x38d7d200, 0x392f0000)

Card table byte_map: [0x03b90000,0x03c40000] byte_map_base: 0x03a71880

Polling page: 0x00360000

Code Cache  [0x01b90000, 0x01c88000, 0x03b90000)
 total_blobs=337 nmethods=179 adapters=93 free_code_cache=31797Kb largest_free_block=32560256

Compilation events (10 events):
Event: 0.339 Thread 0x012eac00  171             com.sun.jna.Function::convertArgument (891 bytes)
Event: 0.344 Thread 0x012eac00 nmethod 171 0x01c74888 code [0x01c75080, 0x01c782fc]
Event: 0.344 Thread 0x012eac00  172             com.sun.jna.Function::isPrimitiveArray (23 bytes)
Event: 0.345 Thread 0x012eac00 nmethod 172 0x01c7c5c8 code [0x01c7c6e0, 0x01c7c7d4]
Event: 0.345 Thread 0x012eac00  174   !         com.sun.jna.Native::isSupportedNativeType (46 bytes)
Event: 0.345 Thread 0x012eac00 nmethod 174 0x01c7c8c8 code [0x01c7ca30, 0x01c7cc84]
Event: 0.345 Thread 0x012eac00  175             com.sun.jna.Native::getNativeSize (567 bytes)
Event: 0.352 Thread 0x012eac00 nmethod 175 0x01c7cf88 code [0x01c7d6d0, 0x01c7f8e8]
Event: 0.352 Thread 0x012eac00  176   !         com.sun.proxy.$Proxy0::EE_EngineGetNextEvent (39 bytes)
Event: 0.352 Thread 0x012eac00 nmethod 176 0x01c824c8 code [0x01c825f0, 0x01c828b8]

GC Heap History (4 events):
Event: 0.161 GC heap before
{Heap before GC invocations=0 (full 0):
 def new generation   total 4928K, used 4416K [0x23cf0000, 0x24240000, 0x29240000)
  eden space 4416K, 100% used [0x23cf0000, 0x24140000, 0x24140000)
  from space 512K,   0% used [0x24140000, 0x24140000, 0x241c0000)
  to   space 512K,   0% used [0x241c0000, 0x241c0000, 0x24240000)
 tenured generation   total 10944K, used 0K [0x29240000, 0x29cf0000, 0x33cf0000)
   the space 10944K,   0% used [0x29240000, 0x29240000, 0x29240200, 0x29cf0000)
 compacting perm gen  total 12288K, used 471K [0x33cf0000, 0x348f0000, 0x37cf0000)
   the space 12288K,   3% used [0x33cf0000, 0x33d65ea8, 0x33d66000, 0x348f0000)
    ro space 10240K,  45% used [0x37cf0000, 0x38179b28, 0x38179c00, 0x386f0000)
    rw space 12288K,  54% used [0x386f0000, 0x38d7d0e8, 0x38d7d200, 0x392f0000)
Event: 0.166 GC heap after
Heap after GC invocations=1 (full 0):
 def new generation   total 4928K, used 512K [0x23cf0000, 0x24240000, 0x29240000)
  eden space 4416K,   0% used [0x23cf0000, 0x23cf0000, 0x24140000)
  from space 512K, 100% used [0x241c0000, 0x24240000, 0x24240000)
  to   space 512K,   0% used [0x24140000, 0x24140000, 0x241c0000)
 tenured generation   total 10944K, used 1305K [0x29240000, 0x29cf0000, 0x33cf0000)
   the space 10944K,  11% used [0x29240000, 0x293865c8, 0x29386600, 0x29cf0000)
 compacting perm gen  total 12288K, used 471K [0x33cf0000, 0x348f0000, 0x37cf0000)
   the space 12288K,   3% used [0x33cf0000, 0x33d65ea8, 0x33d66000, 0x348f0000)
    ro space 10240K,  45% used [0x37cf0000, 0x38179b28, 0x38179c00, 0x386f0000)
    rw space 12288K,  54% used [0x386f0000, 0x38d7d0e8, 0x38d7d200, 0x392f0000)
}
Event: 0.346 GC heap before
{Heap before GC invocations=1 (full 0):
 def new generation   total 4928K, used 4928K [0x23cf0000, 0x24240000, 0x29240000)
  eden space 4416K, 100% used [0x23cf0000, 0x24140000, 0x24140000)
  from space 512K, 100% used [0x241c0000, 0x24240000, 0x24240000)
  to   space 512K,   0% used [0x24140000, 0x24140000, 0x241c0000)
 tenured generation   total 10944K, used 1305K [0x29240000, 0x29cf0000, 0x33cf0000)
   the space 10944K,  11% used [0x29240000, 0x293865c8, 0x29386600, 0x29cf0000)
 compacting perm gen  total 12288K, used 806K [0x33cf0000, 0x348f0000, 0x37cf0000)
   the space 12288K,   6% used [0x33cf0000, 0x33db9908, 0x33db9a00, 0x348f0000)
    ro space 10240K,  45% used [0x37cf0000, 0x38179b28, 0x38179c00, 0x386f0000)
    rw space 12288K,  54% used [0x386f0000, 0x38d7d0e8, 0x38d7d200, 0x392f0000)
Event: 0.348 GC heap after
Heap after GC invocations=2 (full 0):
 def new generation   total 4928K, used 311K [0x23cf0000, 0x24240000, 0x29240000)
  eden space 4416K,   0% used [0x23cf0000, 0x23cf0000, 0x24140000)
  from space 512K,  60% used [0x24140000, 0x2418de40, 0x241c0000)
  to   space 512K,   0% used [0x241c0000, 0x241c0000, 0x24240000)
 tenured generation   total 10944K, used 1809K [0x29240000, 0x29cf0000, 0x33cf0000)
   the space 10944K,  16% used [0x29240000, 0x29404748, 0x29404800, 0x29cf0000)
 compacting perm gen  total 12288K, used 806K [0x33cf0000, 0x348f0000, 0x37cf0000)
   the space 12288K,   6% used [0x33cf0000, 0x33db9908, 0x33db9a00, 0x348f0000)
    ro space 10240K,  45% used [0x37cf0000, 0x38179b28, 0x38179c00, 0x386f0000)
    rw space 12288K,  54% used [0x386f0000, 0x38d7d0e8, 0x38d7d200, 0x392f0000)
}

Deoptimization events (0 events):
No events

Internal exceptions (10 events):
Event: 0.219 Thread 0x040a3400 Threw 0x23f592e8 at C:\jdk7u2_32P\jdk7u25\hotspot\src\share\vm\prims\jvm.cpp:1235
Event: 0.220 Thread 0x040a3400 Threw 0x23f5b6e0 at C:\jdk7u2_32P\jdk7u25\hotspot\src\share\vm\prims\jvm.cpp:1235
Event: 0.220 Thread 0x040a3400 Threw 0x23f5df80 at C:\jdk7u2_32P\jdk7u25\hotspot\src\share\vm\prims\jvm.cpp:1235
Event: 0.221 Thread 0x040a3400 Threw 0x23f60990 at C:\jdk7u2_32P\jdk7u25\hotspot\src\share\vm\prims\jvm.cpp:1235
Event: 0.221 Thread 0x040a3400 Threw 0x23f77b80 at C:\jdk7u2_32P\jdk7u25\hotspot\src\share\vm\prims\jvm.cpp:1235
Event: 0.223 Thread 0x040a3400 Threw 0x23f7c430 at C:\jdk7u2_32P\jdk7u25\hotspot\src\share\vm\prims\jvm.cpp:1235
Event: 0.237 Thread 0x040a3400 Threw 0x2401df90 at C:\jdk7u2_32P\jdk7u25\hotspot\src\share\vm\prims\jvm.cpp:1235
Event: 0.239 Thread 0x040a3400 Threw 0x24021d30 at C:\jdk7u2_32P\jdk7u25\hotspot\src\share\vm\prims\jvm.cpp:1235
Event: 0.239 Thread 0x040a3400 Threw 0x240243c8 at C:\jdk7u2_32P\jdk7u25\hotspot\src\share\vm\prims\jvm.cpp:1235
Event: 0.317 Thread 0x040a3400 Threw 0x24049f50 at C:\jdk7u2_32P\jdk7u25\hotspot\src\share\vm\prims\jvm.cpp:1235

Events (10 events):
Event: 0.305 Thread 0x0109b400 DEOPT UNPACKING pc=0x01bbcdb9 sp=0x01b8f434 mode 0
Event: 0.317 loading class 0x040a6d08
Event: 0.317 loading class 0x040a6d08 done
Event: 0.346 Executing VM operation: GenCollectForAllocation
Event: 0.348 Executing VM operation: GenCollectForAllocation done
Event: 0.378 Thread 0x0109b400 Thread exited: 0x0109b400
Event: 0.378 Thread 0x0109b400 Thread added: 0x0109b400
Event: 0.378 Thread 0x0418b000 Thread added: 0x0418b000
Event: 0.379 loading class 0x39312800
Event: 0.379 loading class 0x39312800 done


Dynamic libraries:
0x01360000 - 0x0138f000 	C:\Program Files\Java\jdk1.7.0_25\bin\javaw.exe
0x778e0000 - 0x77a1c000 	C:\Windows\SYSTEM32\ntdll.dll
0x76c30000 - 0x76d04000 	C:\Windows\system32\kernel32.dll
0x75ac0000 - 0x75b0b000 	C:\Windows\system32\KERNELBASE.dll
0x77a70000 - 0x77b10000 	C:\Windows\system32\ADVAPI32.dll
0x77630000 - 0x776dc000 	C:\Windows\system32\msvcrt.dll
0x769a0000 - 0x769b9000 	C:\Windows\SYSTEM32\sechost.dll
0x76b80000 - 0x76c21000 	C:\Windows\system32\RPCRT4.dll
0x76ee0000 - 0x76fa9000 	C:\Windows\system32\USER32.dll
0x76d70000 - 0x76dbe000 	C:\Windows\system32\GDI32.dll
0x77a40000 - 0x77a4a000 	C:\Windows\system32\LPK.dll
0x76fb0000 - 0x7704d000 	C:\Windows\system32\USP10.dll
0x74c90000 - 0x74e2e000 	C:\Windows\WinSxS\x86_microsoft.windows.common-controls_6595b64144ccf1df_6.0.7601.17514_none_41e6975e2bd6f2b2\COMCTL32.dll
0x76dc0000 - 0x76e17000 	C:\Windows\system32\SHLWAPI.dll
0x76d50000 - 0x76d6f000 	C:\Windows\system32\IMM32.DLL
0x771f0000 - 0x772bc000 	C:\Windows\system32\MSCTF.dll
0x584b0000 - 0x5856e000 	C:\Program Files\Java\jdk1.7.0_25\jre\bin\msvcr100.dll
0x53790000 - 0x53ad2000 	C:\Program Files\Java\jdk1.7.0_25\jre\bin\client\jvm.dll
0x74520000 - 0x74527000 	C:\Windows\system32\WSOCK32.dll
0x76d10000 - 0x76d45000 	C:\Windows\system32\WS2_32.dll
0x77a50000 - 0x77a56000 	C:\Windows\system32\NSI.dll
0x73b50000 - 0x73b82000 	C:\Windows\system32\WINMM.dll
0x77a30000 - 0x77a35000 	C:\Windows\system32\PSAPI.DLL
0x71790000 - 0x7179c000 	C:\Program Files\Java\jdk1.7.0_25\jre\bin\verify.dll
0x71770000 - 0x71790000 	C:\Program Files\Java\jdk1.7.0_25\jre\bin\java.dll
0x6de10000 - 0x6de23000 	C:\Program Files\Java\jdk1.7.0_25\jre\bin\zip.dll
0x753d0000 - 0x753e6000 	C:\Windows\system32\CRYPTSP.dll
0x75170000 - 0x751ab000 	C:\Windows\system32\rsaenh.dll
0x748a0000 - 0x748b7000 	C:\Windows\system32\USERENV.dll
0x75920000 - 0x7592b000 	C:\Windows\system32\profapi.dll
0x758a0000 - 0x758ac000 	C:\Windows\system32\CRYPTBASE.dll
0x6de30000 - 0x6de44000 	C:\Program Files\Java\jdk1.7.0_25\jre\bin\net.dll
0x75390000 - 0x753cc000 	C:\Windows\system32\mswsock.dll
0x75380000 - 0x75386000 	C:\Windows\System32\wship6.dll
0x73b10000 - 0x73b20000 	C:\Windows\system32\NLAapi.dll
0x728c0000 - 0x728d0000 	C:\Windows\system32\napinsp.dll
0x728a0000 - 0x728b2000 	C:\Windows\system32\pnrpnsp.dll
0x75250000 - 0x75294000 	C:\Windows\system32\DNSAPI.dll
0x72890000 - 0x72898000 	C:\Windows\System32\winrnr.dll
0x72880000 - 0x7288d000 	C:\Windows\system32\wshbth.dll
0x725c0000 - 0x725e7000 	C:\Program Files\Common Files\Microsoft Shared\Windows Live\WLIDNSP.DLL
0x72510000 - 0x72531000 	C:\Program Files\Bonjour\mdnsNSP.dll
0x74600000 - 0x7461c000 	C:\Windows\system32\Iphlpapi.DLL
0x745f0000 - 0x745f7000 	C:\Windows\system32\WINNSI.DLL
0x10000000 - 0x10017000 	C:\Program Files\Common Files\Thunder Network\NetMon\net_monitor2.0.2.9.dll
0x75cc0000 - 0x7690a000 	C:\Windows\system32\SHELL32.dll
0x773a0000 - 0x774fc000 	C:\Windows\system32\ole32.dll
0x7c3a0000 - 0x7c41b000 	C:\Windows\system32\MSVCP71.dll
0x7c340000 - 0x7c396000 	C:\Windows\system32\MSVCR71.dll
0x74a00000 - 0x74a09000 	C:\Windows\system32\VERSION.dll
0x744f0000 - 0x744f6000 	C:\Windows\System32\wshqos.dll
0x744e0000 - 0x744e5000 	C:\Windows\system32\wshtcpip.DLL
0x72480000 - 0x72486000 	C:\Windows\system32\rasadhlp.dll
0x72790000 - 0x727c8000 	C:\Windows\System32\fwpuclnt.dll
0x71390000 - 0x7139f000 	C:\Program Files\Java\jdk1.7.0_25\jre\bin\nio.dll
0x52910000 - 0x52b2f000 	E:\workspace\android\MSCPROJECT\EEGAnalysis\edk.dll
0x56420000 - 0x56612000 	E:\workspace\android\MSCPROJECT\EEGAnalysis\edk_utils.dll
0x6fc80000 - 0x6fce9000 	C:\Windows\system32\MSVCP100.dll
0x77050000 - 0x771ed000 	C:\Windows\system32\SETUPAPI.dll
0x759a0000 - 0x759c7000 	C:\Windows\system32\CFGMGR32.dll
0x76910000 - 0x7699f000 	C:\Windows\system32\OLEAUT32.dll
0x75a90000 - 0x75aa2000 	C:\Windows\system32\DEVOBJ.dll
0x73ca0000 - 0x73ca9000 	C:\Windows\system32\HID.DLL
0x73de0000 - 0x73e20000 	C:\Windows\system32\uxtheme.dll
0x71270000 - 0x7130f000 	C:\ProgramData\Tencent\TSVulFw\TSVulFW.DAT
0x75b20000 - 0x75b4d000 	C:\Windows\system32\WINTRUST.dll
0x75b50000 - 0x75c6e000 	C:\Windows\system32\CRYPT32.dll
0x75990000 - 0x7599c000 	C:\Windows\system32\MSASN1.dll
0x738e0000 - 0x739cb000 	C:\Windows\system32\dbghelp.dll

VM Arguments:
jvm_args: -Dfile.encoding=GBK 
java_command: com.lw.eeg.Main.EEGAnalysis
Launcher Type: SUN_STANDARD

Environment Variables:
JAVA_HOME=C:\Program Files\Java\jdk1.7.0_25
CLASSPATH=.;C:\Program Files\Java\jdk1.7.0_25\lib
PATH=C:/Program Files/Java/jre7/bin/client;C:/Program Files/Java/jre7/bin;C:/Program Files/Java/jre7/lib/i386;C:\Windows\system32;C:\Windows\System32;C:\Program Files\Java\jdk1.7.0_25\bin;E:\dvlTools\adt-bundle-windows-x86-20130522\eclipse;
USERNAME=Leslie
OS=Windows_NT
PROCESSOR_IDENTIFIER=x86 Family 6 Model 58 Stepping 9, GenuineIntel



---------------  S Y S T E M  ---------------

OS: Windows 7 Build 7601 Service Pack 1

CPU:total 4 (2 cores per cpu, 2 threads per core) family 6 model 58 stepping 9, cmov, cx8, fxsr, mmx, sse, sse2, sse3, ssse3, sse4.1, sse4.2, popcnt, avx, ht, tsc, tscinvbit, tscinv

Memory: 4k page, physical 3412076k(1523612k free), swap 6822400k(4263384k free)

vm_info: Java HotSpot(TM) Client VM (23.25-b01) for windows-x86 JRE (1.7.0_25-b16), built on Jun 12 2013 20:29:09 by "java_re" with unknown MS VC++:1600

time: Thu Aug 08 22:13:10 2013
elapsed time: 0 seconds

