#
# A fatal error has been detected by the Java Runtime Environment:
#
#  EXCEPTION_ACCESS_VIOLATION (0xc0000005) at pc=0x03ff4d00, pid=3604, tid=7848
#
# JRE version: 7.0_25-b16
# Java VM: Java HotSpot(TM) Client VM (23.25-b01 mixed mode, sharing windows-x86 )
# Problematic frame:
# C  0x03ff4d00
#
# Failed to write core dump. Minidumps are not enabled by default on client versions of Windows
#
# If you would like to submit a bug report, please visit:
#   http://bugreport.sun.com/bugreport/crash.jsp
# The crash happened outside the Java Virtual Machine in native code.
# See problematic frame for where to report the bug.
#

---------------  T H R E A D  ---------------

Current thread (0x04153400):  JavaThread "Thread-0" daemon [_thread_in_native, id=7848, stack(0x03f40000,0x03f90000)]

siginfo: ExceptionCode=0xc0000005, ExceptionInformation=0x00000008 0x03ff4d00

Registers:
EAX=0x03ff4d00, EBX=0x33da1480, ECX=0x04153528, EDX=0x33da4a28
ESP=0x03f8f72c, EBP=0x03f8f770, ESI=0x33da1480, EDI=0x04153400
EIP=0x03ff4d00, EFLAGS=0x00010283

Top of Stack: (sp=0x03f8f72c)
0x03f8f72c:   01c5a717 04153528 03f8f788 00000000
0x03f8f73c:   03f8f780 7baf3b01 04153400 03f8f77c
0x03f8f74c:   0412109c 03f8f750 00000000 03f8f788
0x03f8f75c:   33da4a28 00000000 33da1480 00000000
0x03f8f76c:   03f8f780 03f8f7b4 01c5340f 00000000
0x03f8f77c:   01c58989 23e51a88 00000000 23d2ab48
0x03f8f78c:   23e51a98 23e51a98 03f8f794 33da09bb
0x03f8f79c:   03f8f7dc 33da4a28 00000000 33da0df8 

Instructions: (pc=0x03ff4d00)
0x03ff4ce0:   
[error occurred during error reporting (printing registers, top of stack, instructions near pc), id 0xc0000005]

Register to memory mapping:

EAX=0x03ff4d00 is an unknown value
EBX=0x33da1480 is an oop
{method} 
 - klass: {other class}
ECX=0x04153528 is an unknown value
EDX=0x33da4a28 is an oop
{constant pool cache} 
 - klass: {other class}
ESP=0x03f8f72c is pointing into the stack for thread: 0x04153400
EBP=0x03f8f770 is pointing into the stack for thread: 0x04153400
ESI=0x33da1480 is an oop
{method} 
 - klass: {other class}
EDI=0x04153400 is a thread


Stack: [0x03f40000,0x03f90000],  sp=0x03f8f72c,  free space=317k
Native frames: (J=compiled Java code, j=interpreted, Vv=VM code, C=native code)
C  0x03ff4d00
j  com.sun.jna.Function.invoke([Ljava/lang/Object;Ljava/lang/Class;Z)Ljava/lang/Object;+315
J  com.sun.jna.Function.invoke(Ljava/lang/Class;[Ljava/lang/Object;Ljava/util/Map;)Ljava/lang/Object;
j  com.sun.proxy.$Proxy0.EE_EngineGetNextEvent(Lcom/sun/jna/Pointer;)I+16
j  com.lw.eeg.EEGLog.EEGLog$Thread_EEG.run()V+289
v  ~StubRoutines::call_stub
V  [jvm.dll+0x124afa]
V  [jvm.dll+0x1d224e]
V  [jvm.dll+0x124caf]
V  [jvm.dll+0x124d17]
V  [jvm.dll+0xcf06f]
V  [jvm.dll+0x144447]
V  [jvm.dll+0x1445b0]
V  [jvm.dll+0x177bb9]
C  [msvcr100.dll+0x5c6de]  endthreadex+0x3a
C  [msvcr100.dll+0x5c788]  endthreadex+0xe4
C  [kernel32.dll+0x4ed6c]  BaseThreadInitThunk+0x12
C  [ntdll.dll+0x6377b]  RtlInitializeExceptionChain+0xef
C  [ntdll.dll+0x6374e]  RtlInitializeExceptionChain+0xc2

Java frames: (J=compiled Java code, j=interpreted, Vv=VM code)
j  com.sun.jna.Function.invokeInt(I[Ljava/lang/Object;)I+0
j  com.sun.jna.Function.invoke([Ljava/lang/Object;Ljava/lang/Class;Z)Ljava/lang/Object;+315
J  com.sun.jna.Function.invoke(Ljava/lang/Class;[Ljava/lang/Object;Ljava/util/Map;)Ljava/lang/Object;
j  com.sun.jna.Library$Handler.invoke(Ljava/lang/Object;Ljava/lang/reflect/Method;[Ljava/lang/Object;)Ljava/lang/Object;+341
j  com.sun.proxy.$Proxy0.EE_EngineGetNextEvent(Lcom/sun/jna/Pointer;)I+16
j  com.lw.eeg.EEGLog.EEGLog$Thread_EEG.run()V+289
v  ~StubRoutines::call_stub

---------------  P R O C E S S  ---------------

Java Threads: ( => current thread )
=>0x04153400 JavaThread "Thread-0" daemon [_thread_in_native, id=7848, stack(0x03f40000,0x03f90000)]
  0x01b1f400 JavaThread "Service Thread" daemon [_thread_blocked, id=9928, stack(0x03d90000,0x03de0000)]
  0x01b1ac00 JavaThread "C1 CompilerThread0" daemon [_thread_blocked, id=10060, stack(0x040d0000,0x04120000)]
  0x01b19800 JavaThread "Attach Listener" daemon [_thread_blocked, id=8200, stack(0x03e20000,0x03e70000)]
  0x01af7400 JavaThread "Finalizer" daemon [_thread_blocked, id=9040, stack(0x03d40000,0x03d90000)]
  0x01af2400 JavaThread "Reference Handler" daemon [_thread_blocked, id=8404, stack(0x03ee0000,0x03f30000)]

Other Threads:
  0x01af1000 VMThread [stack: 0x03cd0000,0x03d20000] [id=9680]

VM state:at safepoint (normal execution)

VM Mutex/Monitor currently owned by a thread:  ([mutex/lock_event])
[0x01a38e50] Threads_lock - owner thread: 0x01af1000
[0x01a39260] Heap_lock - owner thread: 0x01a3b400

Heap
 def new generation   total 4928K, used 1713K [0x23cf0000, 0x24240000, 0x29240000)
  eden space 4416K,  33% used [0x23cf0000, 0x23e5fc60, 0x24140000)
  from space 512K,  47% used [0x24140000, 0x2417cb58, 0x241c0000)
  to   space 512K,   0% used [0x241c0000, 0x241c0000, 0x24240000)
 tenured generation   total 10944K, used 1842K [0x29240000, 0x29cf0000, 0x33cf0000)
   the space 10944K,  16% used [0x29240000, 0x2940cba0, 0x2940cc00, 0x29cf0000)
 compacting perm gen  total 12288K, used 808K [0x33cf0000, 0x348f0000, 0x37cf0000)
   the space 12288K,   6% used [0x33cf0000, 0x33dba220, 0x33dba400, 0x348f0000)
    ro space 10240K,  45% used [0x37cf0000, 0x38179b28, 0x38179c00, 0x386f0000)
    rw space 12288K,  54% used [0x386f0000, 0x38d7d0e8, 0x38d7d200, 0x392f0000)

Card table byte_map: [0x01b40000,0x01bf0000] byte_map_base: 0x01a21880

Polling page: 0x00280000

Code Cache  [0x01c50000, 0x01d38000, 0x03c50000)
 total_blobs=333 nmethods=175 adapters=93 free_code_cache=31849Kb largest_free_block=32613760

Compilation events (10 events):
Event: 0.480 Thread 0x01b1ac00  168             java.lang.ThreadLocal::set (30 bytes)
Event: 0.480 Thread 0x01b1ac00 nmethod 168 0x01d29808 code [0x01d29930, 0x01d29a44]
Event: 0.480 Thread 0x01b1ac00  169             java.lang.reflect.Method::hashCode (19 bytes)
Event: 0.480 Thread 0x01b1ac00 nmethod 169 0x01d29b48 code [0x01d29c60, 0x01d29d64]
Event: 0.481 Thread 0x01b1ac00  170             java.util.WeakHashMap::get (77 bytes)
Event: 0.481 Thread 0x01b1ac00 nmethod 170 0x01d29e88 code [0x01d29fb0, 0x01d2a134]
Event: 0.481 Thread 0x01b1ac00  171   !         com.sun.jna.Library$Handler::invoke (345 bytes)
Event: 0.482 Thread 0x01b1ac00 nmethod 171 0x01d2a2c8 code [0x01d2a5d0, 0x01d2b5b4]
Event: 0.482 Thread 0x01b1ac00  172             com.sun.jna.Function::invoke (1125 bytes)
Event: 0.487 Thread 0x01b1ac00 nmethod 172 0x01d2c688 code [0x01d2d0a0, 0x01d30b70]

GC Heap History (4 events):
Event: 0.164 GC heap before
{Heap before GC invocations=0 (full 0):
 def new generation   total 4928K, used 4416K [0x23cf0000, 0x24240000, 0x29240000)
  eden space 4416K, 100% used [0x23cf0000, 0x24140000, 0x24140000)
  from space 512K,   0% used [0x24140000, 0x24140000, 0x241c0000)
  to   space 512K,   0% used [0x241c0000, 0x241c0000, 0x24240000)
 tenured generation   total 10944K, used 0K [0x29240000, 0x29cf0000, 0x33cf0000)
   the space 10944K,   0% used [0x29240000, 0x29240000, 0x29240200, 0x29cf0000)
 compacting perm gen  total 12288K, used 535K [0x33cf0000, 0x348f0000, 0x37cf0000)
   the space 12288K,   4% used [0x33cf0000, 0x33d75db8, 0x33d75e00, 0x348f0000)
    ro space 10240K,  45% used [0x37cf0000, 0x38179b28, 0x38179c00, 0x386f0000)
    rw space 12288K,  54% used [0x386f0000, 0x38d7d0e8, 0x38d7d200, 0x392f0000)
Event: 0.168 GC heap after
Heap after GC invocations=1 (full 0):
 def new generation   total 4928K, used 512K [0x23cf0000, 0x24240000, 0x29240000)
  eden space 4416K,   0% used [0x23cf0000, 0x23cf0000, 0x24140000)
  from space 512K, 100% used [0x241c0000, 0x24240000, 0x24240000)
  to   space 512K,   0% used [0x24140000, 0x24140000, 0x241c0000)
 tenured generation   total 10944K, used 1331K [0x29240000, 0x29cf0000, 0x33cf0000)
   the space 10944K,  12% used [0x29240000, 0x2938ce08, 0x2938d000, 0x29cf0000)
 compacting perm gen  total 12288K, used 535K [0x33cf0000, 0x348f0000, 0x37cf0000)
   the space 12288K,   4% used [0x33cf0000, 0x33d75db8, 0x33d75e00, 0x348f0000)
    ro space 10240K,  45% used [0x37cf0000, 0x38179b28, 0x38179c00, 0x386f0000)
    rw space 12288K,  54% used [0x386f0000, 0x38d7d0e8, 0x38d7d200, 0x392f0000)
}
Event: 0.352 GC heap before
{Heap before GC invocations=1 (full 0):
 def new generation   total 4928K, used 4928K [0x23cf0000, 0x24240000, 0x29240000)
  eden space 4416K, 100% used [0x23cf0000, 0x24140000, 0x24140000)
  from space 512K, 100% used [0x241c0000, 0x24240000, 0x24240000)
  to   space 512K,   0% used [0x24140000, 0x24140000, 0x241c0000)
 tenured generation   total 10944K, used 1331K [0x29240000, 0x29cf0000, 0x33cf0000)
   the space 10944K,  12% used [0x29240000, 0x2938ce08, 0x2938d000, 0x29cf0000)
 compacting perm gen  total 12288K, used 795K [0x33cf0000, 0x348f0000, 0x37cf0000)
   the space 12288K,   6% used [0x33cf0000, 0x33db6fe0, 0x33db7000, 0x348f0000)
    ro space 10240K,  45% used [0x37cf0000, 0x38179b28, 0x38179c00, 0x386f0000)
    rw space 12288K,  54% used [0x386f0000, 0x38d7d0e8, 0x38d7d200, 0x392f0000)
Event: 0.355 GC heap after
Heap after GC invocations=2 (full 0):
 def new generation   total 4928K, used 242K [0x23cf0000, 0x24240000, 0x29240000)
  eden space 4416K,   0% used [0x23cf0000, 0x23cf0000, 0x24140000)
  from space 512K,  47% used [0x24140000, 0x2417cb58, 0x241c0000)
  to   space 512K,   0% used [0x241c0000, 0x241c0000, 0x24240000)
 tenured generation   total 10944K, used 1842K [0x29240000, 0x29cf0000, 0x33cf0000)
   the space 10944K,  16% used [0x29240000, 0x2940cba0, 0x2940cc00, 0x29cf0000)
 compacting perm gen  total 12288K, used 795K [0x33cf0000, 0x348f0000, 0x37cf0000)
   the space 12288K,   6% used [0x33cf0000, 0x33db6fe0, 0x33db7000, 0x348f0000)
    ro space 10240K,  45% used [0x37cf0000, 0x38179b28, 0x38179c00, 0x386f0000)
    rw space 12288K,  54% used [0x386f0000, 0x38d7d0e8, 0x38d7d200, 0x392f0000)
}

Deoptimization events (0 events):
No events

Internal exceptions (10 events):
Event: 0.221 Thread 0x04153400 Threw 0x23f68ca8 at C:\jdk7u2_32P\jdk7u25\hotspot\src\share\vm\prims\jvm.cpp:1235
Event: 0.221 Thread 0x04153400 Threw 0x23f6b0a0 at C:\jdk7u2_32P\jdk7u25\hotspot\src\share\vm\prims\jvm.cpp:1235
Event: 0.221 Thread 0x04153400 Threw 0x23f6d940 at C:\jdk7u2_32P\jdk7u25\hotspot\src\share\vm\prims\jvm.cpp:1235
Event: 0.222 Thread 0x04153400 Threw 0x23f70510 at C:\jdk7u2_32P\jdk7u25\hotspot\src\share\vm\prims\jvm.cpp:1235
Event: 0.222 Thread 0x04153400 Threw 0x23f86fd0 at C:\jdk7u2_32P\jdk7u25\hotspot\src\share\vm\prims\jvm.cpp:1235
Event: 0.224 Thread 0x04153400 Threw 0x23f8b880 at C:\jdk7u2_32P\jdk7u25\hotspot\src\share\vm\prims\jvm.cpp:1235
Event: 0.372 Thread 0x04153400 Threw 0x23d0ae70 at C:\jdk7u2_32P\jdk7u25\hotspot\src\share\vm\prims\jvm.cpp:1235
Event: 0.393 Thread 0x04153400 Threw 0x23d24dd8 at C:\jdk7u2_32P\jdk7u25\hotspot\src\share\vm\prims\jvm.cpp:1235
Event: 0.393 Thread 0x04153400 Threw 0x23d27430 at C:\jdk7u2_32P\jdk7u25\hotspot\src\share\vm\prims\jvm.cpp:1235
Event: 0.470 Thread 0x04153400 Threw 0x23e03ae0 at C:\jdk7u2_32P\jdk7u25\hotspot\src\share\vm\prims\jvm.cpp:1235

Events (10 events):
Event: 0.470 loading class 0x04156b48
Event: 0.470 loading class 0x04156b48 done
Event: 0.473 Thread 0x01a3b400 Thread exited: 0x01a3b400
Event: 0.473 Thread 0x01a3b400 Thread added: 0x01a3b400
Event: 0.473 Thread 0x04222c00 Thread added: 0x04222c00
Event: 0.485 loading class 0x39312800
Event: 0.485 loading class 0x39312800 done
Event: 0.486 Thread 0x04222c00 Thread exited: 0x04222c00
Event: 0.486 Thread 0x01b3f800 Thread exited: 0x01b3f800
Event: 0.486 Thread 0x01a3b400 Thread exited: 0x01a3b400


Dynamic libraries:
0x002a0000 - 0x002cf000 	C:\Program Files\Java\jdk1.7.0_25\bin\javaw.exe
0x778e0000 - 0x77a1c000 	C:\Windows\SYSTEM32\ntdll.dll
0x76c30000 - 0x76d04000 	C:\Windows\system32\kernel32.dll
0x75ac0000 - 0x75b0b000 	C:\Windows\system32\KERNELBASE.dll
0x77a70000 - 0x77b10000 	C:\Windows\system32\ADVAPI32.dll
0x77630000 - 0x776dc000 	C:\Windows\system32\msvcrt.dll
0x769a0000 - 0x769b9000 	C:\Windows\SYSTEM32\sechost.dll
0x76b80000 - 0x76c21000 	C:\Windows\system32\RPCRT4.dll
0x76ee0000 - 0x76fa9000 	C:\Windows\system32\USER32.dll
0x76d70000 - 0x76dbe000 	C:\Windows\system32\GDI32.dll
0x77a40000 - 0x77a4a000 	C:\Windows\system32\LPK.dll
0x76fb0000 - 0x7704d000 	C:\Windows\system32\USP10.dll
0x74c90000 - 0x74e2e000 	C:\Windows\WinSxS\x86_microsoft.windows.common-controls_6595b64144ccf1df_6.0.7601.17514_none_41e6975e2bd6f2b2\COMCTL32.dll
0x76dc0000 - 0x76e17000 	C:\Windows\system32\SHLWAPI.dll
0x76d50000 - 0x76d6f000 	C:\Windows\system32\IMM32.DLL
0x771f0000 - 0x772bc000 	C:\Windows\system32\MSCTF.dll
0x57c30000 - 0x57cee000 	C:\Program Files\Java\jdk1.7.0_25\jre\bin\msvcr100.dll
0x53f00000 - 0x54242000 	C:\Program Files\Java\jdk1.7.0_25\jre\bin\client\jvm.dll
0x74520000 - 0x74527000 	C:\Windows\system32\WSOCK32.dll
0x76d10000 - 0x76d45000 	C:\Windows\system32\WS2_32.dll
0x77a50000 - 0x77a56000 	C:\Windows\system32\NSI.dll
0x73b50000 - 0x73b82000 	C:\Windows\system32\WINMM.dll
0x77a30000 - 0x77a35000 	C:\Windows\system32\PSAPI.DLL
0x71390000 - 0x7139c000 	C:\Program Files\Java\jdk1.7.0_25\jre\bin\verify.dll
0x6e110000 - 0x6e130000 	C:\Program Files\Java\jdk1.7.0_25\jre\bin\java.dll
0x6de30000 - 0x6de43000 	C:\Program Files\Java\jdk1.7.0_25\jre\bin\zip.dll
0x753d0000 - 0x753e6000 	C:\Windows\system32\CRYPTSP.dll
0x75170000 - 0x751ab000 	C:\Windows\system32\rsaenh.dll
0x748a0000 - 0x748b7000 	C:\Windows\system32\USERENV.dll
0x75920000 - 0x7592b000 	C:\Windows\system32\profapi.dll
0x758a0000 - 0x758ac000 	C:\Windows\system32\CRYPTBASE.dll
0x6dd40000 - 0x6dd54000 	C:\Program Files\Java\jdk1.7.0_25\jre\bin\net.dll
0x75390000 - 0x753cc000 	C:\Windows\system32\mswsock.dll
0x75380000 - 0x75386000 	C:\Windows\System32\wship6.dll
0x73b10000 - 0x73b20000 	C:\Windows\system32\NLAapi.dll
0x728c0000 - 0x728d0000 	C:\Windows\system32\napinsp.dll
0x728a0000 - 0x728b2000 	C:\Windows\system32\pnrpnsp.dll
0x75250000 - 0x75294000 	C:\Windows\system32\DNSAPI.dll
0x72890000 - 0x72898000 	C:\Windows\System32\winrnr.dll
0x72880000 - 0x7288d000 	C:\Windows\system32\wshbth.dll
0x725c0000 - 0x725e7000 	C:\Program Files\Common Files\Microsoft Shared\Windows Live\WLIDNSP.DLL
0x72510000 - 0x72531000 	C:\Program Files\Bonjour\mdnsNSP.dll
0x74600000 - 0x7461c000 	C:\Windows\system32\Iphlpapi.DLL
0x745f0000 - 0x745f7000 	C:\Windows\system32\WINNSI.DLL
0x10000000 - 0x10017000 	C:\Program Files\Common Files\Thunder Network\NetMon\net_monitor2.0.2.9.dll
0x75cc0000 - 0x7690a000 	C:\Windows\system32\SHELL32.dll
0x773a0000 - 0x774fc000 	C:\Windows\system32\ole32.dll
0x7c3a0000 - 0x7c41b000 	C:\Windows\system32\MSVCP71.dll
0x7c340000 - 0x7c396000 	C:\Windows\system32\MSVCR71.dll
0x74a00000 - 0x74a09000 	C:\Windows\system32\VERSION.dll
0x744f0000 - 0x744f6000 	C:\Windows\System32\wshqos.dll
0x744e0000 - 0x744e5000 	C:\Windows\system32\wshtcpip.DLL
0x72480000 - 0x72486000 	C:\Windows\system32\rasadhlp.dll
0x72790000 - 0x727c8000 	C:\Windows\System32\fwpuclnt.dll
0x715f0000 - 0x715ff000 	C:\Program Files\Java\jdk1.7.0_25\jre\bin\nio.dll
0x559b0000 - 0x55bcf000 	E:\workspace\android\MSCPROJECT\EEGAnalysis\edk.dll
0x56420000 - 0x56612000 	E:\workspace\android\MSCPROJECT\EEGAnalysis\edk_utils.dll
0x6fc80000 - 0x6fce9000 	C:\Windows\system32\MSVCP100.dll
0x77050000 - 0x771ed000 	C:\Windows\system32\SETUPAPI.dll
0x759a0000 - 0x759c7000 	C:\Windows\system32\CFGMGR32.dll
0x76910000 - 0x7699f000 	C:\Windows\system32\OLEAUT32.dll
0x75a90000 - 0x75aa2000 	C:\Windows\system32\DEVOBJ.dll
0x73ca0000 - 0x73ca9000 	C:\Windows\system32\HID.DLL
0x73de0000 - 0x73e20000 	C:\Windows\system32\uxtheme.dll
0x71270000 - 0x7130f000 	C:\ProgramData\Tencent\TSVulFw\TSVulFW.DAT
0x75b20000 - 0x75b4d000 	C:\Windows\system32\WINTRUST.dll
0x75b50000 - 0x75c6e000 	C:\Windows\system32\CRYPT32.dll
0x75990000 - 0x7599c000 	C:\Windows\system32\MSASN1.dll
0x738e0000 - 0x739cb000 	C:\Windows\system32\dbghelp.dll

VM Arguments:
jvm_args: -Dfile.encoding=GBK 
java_command: com.lw.eeg.Main.EEGAnalysis
Launcher Type: SUN_STANDARD

Environment Variables:
JAVA_HOME=C:\Program Files\Java\jdk1.7.0_25
CLASSPATH=.;C:\Program Files\Java\jdk1.7.0_25\lib
PATH=C:/Program Files/Java/jre7/bin/client;C:/Program Files/Java/jre7/bin;C:/Program Files/Java/jre7/lib/i386;C:\Windows\system32;C:\Windows\System32;C:\Program Files\Java\jdk1.7.0_25\bin;E:\dvlTools\adt-bundle-windows-x86-20130522\eclipse;
USERNAME=Leslie
OS=Windows_NT
PROCESSOR_IDENTIFIER=x86 Family 6 Model 58 Stepping 9, GenuineIntel



---------------  S Y S T E M  ---------------

OS: Windows 7 Build 7601 Service Pack 1

CPU:total 4 (2 cores per cpu, 2 threads per core) family 6 model 58 stepping 9, cmov, cx8, fxsr, mmx, sse, sse2, sse3, ssse3, sse4.1, sse4.2, popcnt, avx, ht, tsc, tscinvbit, tscinv

Memory: 4k page, physical 3412076k(1539292k free), swap 6822400k(4276192k free)

vm_info: Java HotSpot(TM) Client VM (23.25-b01) for windows-x86 JRE (1.7.0_25-b16), built on Jun 12 2013 20:29:09 by "java_re" with unknown MS VC++:1600

time: Thu Aug 08 22:10:17 2013
elapsed time: 0 seconds

